Using pre-set license
Built from '2020.3/staging' branch; Version is '2020.3.11f1 (99c7afb366b3) revision 10078127'; Using compiler version '192528614'; Build Type 'Release'
OS: 'Windows 10 Home; OS build 19043.1052; Version 2009; 64bit' Language: 'en' Physical Memory: 12197 MB
BatchMode: 1, IsHumanControllingUs: 0, StartBugReporterOnCrash: 0, Is64bit: 1, IsPro: 0

 COMMAND LINE ARGUMENTS:
C:\Program Files\Unity\Hub\Editor\2020.3.11f1\Editor\Unity.exe
-adb2
-batchMode
-noUpm
-name
AssetImportWorker0
-projectPath
C:/Users/Lenovo/Desktop/Roll_a_ball
-logFile
Logs/AssetImportWorker0.log
-srvPort
55690
Successfully changed project path to: C:/Users/Lenovo/Desktop/Roll_a_ball
C:/Users/Lenovo/Desktop/Roll_a_ball
Using Asset Import Pipeline V2.
Refreshing native plugins compatible for Editor in 27.53 ms, found 2 plugins.
Preloading 0 native plugins for Editor in 0.00 ms.
Initialize engine version: 2020.3.11f1 (99c7afb366b3)
[Subsystems] Discovering subsystems at path C:/Program Files/Unity/Hub/Editor/2020.3.11f1/Editor/Data/Resources/UnitySubsystems
[Subsystems] Discovering subsystems at path C:/Users/Lenovo/Desktop/Roll_a_ball/Assets
GfxDevice: creating device client; threaded=0
Direct3D:
    Version:  Direct3D 11.0 [level 11.1]
    Renderer: Intel(R) UHD Graphics 620 (ID=0x5917)
    Vendor:   
    VRAM:     6098 MB
    Driver:   26.20.100.7323
Initialize mono
Mono path[0] = 'C:/Program Files/Unity/Hub/Editor/2020.3.11f1/Editor/Data/Managed'
Mono path[1] = 'C:/Program Files/Unity/Hub/Editor/2020.3.11f1/Editor/Data/MonoBleedingEdge/lib/mono/unityjit'
Mono config path = 'C:/Program Files/Unity/Hub/Editor/2020.3.11f1/Editor/Data/MonoBleedingEdge/etc'
Using monoOptions --debugger-agent=transport=dt_socket,embedding=1,server=y,suspend=n,address=127.0.0.1:56544
Begin MonoManager ReloadAssembly
Registering precompiled unity dll's ...
Register platform support module: C:/Program Files/Unity/Hub/Editor/2020.3.11f1/Editor/Data/PlaybackEngines/WebGLSupport/UnityEditor.WebGL.Extensions.dll
Register platform support module: C:/Program Files/Unity/Hub/Editor/2020.3.11f1/Editor/Data/PlaybackEngines/WindowsStandaloneSupport/UnityEditor.WindowsStandalone.Extensions.dll
Registered in 0.002365 seconds.
Native extension for WindowsStandalone target not found
Native extension for WebGL target not found
Refreshing native plugins compatible for Editor in 27.16 ms, found 2 plugins.
Preloading 0 native plugins for Editor in 0.00 ms.
Mono: successfully reloaded assembly
- Completed reload, in  1.193 seconds
Platform modules already initialized, skipping
Registering precompiled user dll's ...
Registered in 0.004603 seconds.
Begin MonoManager ReloadAssembly
Native extension for WindowsStandalone target not found
Native extension for WebGL target not found
Refreshing native plugins compatible for Editor in 0.53 ms, found 2 plugins.
Preloading 0 native plugins for Editor in 0.00 ms.
Mono: successfully reloaded assembly
- Completed reload, in  2.363 seconds
Platform modules already initialized, skipping
========================================================================
Worker process is ready to serve import requests
Launched and connected shader compiler UnityShaderCompiler.exe after 0.07 seconds
Refreshing native plugins compatible for Editor in 0.35 ms, found 2 plugins.
Preloading 0 native plugins for Editor in 0.00 ms.
Unloading 1386 Unused Serialized files (Serialized files now loaded: 0)
System memory in use before: 64.6 MB.
System memory in use after: 64.7 MB.

Unloading 19 unused Assets to reduce memory usage. Loaded Objects now: 1819.
Total: 2.206500 ms (FindLiveObjects: 0.161000 ms CreateObjectMapping: 0.040800 ms MarkObjects: 1.926600 ms  DeleteObjects: 0.077200 ms)

========================================================================
Received Import Request.
  path: Assets/Scenes/SampleScene.scenetemplate
  artifactKey: Guid(3f6a8420e4e04cb4cbce672777b3be4d) Importer(815301076,1909f56bfc062723c751e8b465ee728b)
Start importing Assets/Scenes/SampleScene.scenetemplate using Guid(3f6a8420e4e04cb4cbce672777b3be4d) Importer(815301076,1909f56bfc062723c751e8b465ee728b)  -> (artifact id: '5ea50a234392f58e4478dab38734125c') in 0.065540 seconds
  Import took 0.067683 seconds .

========================================================================
Received Import Request.
  Time since last request: 578.713612 seconds.
  path: Assets/Materiales
  artifactKey: Guid(acf37dffdcfa1f942b4b719114e8a85a) Importer(815301076,1909f56bfc062723c751e8b465ee728b)
Start importing Assets/Materiales using Guid(acf37dffdcfa1f942b4b719114e8a85a) Importer(815301076,1909f56bfc062723c751e8b465ee728b)  -> (artifact id: '161c92a8bafe3d17fce6ecbfc9400355') in 0.009386 seconds
  Import took 0.012139 seconds .

========================================================================
Received Import Request.
  Time since last request: 37.838634 seconds.
  path: Assets/Materiales/Fondo.mat
  artifactKey: Guid(43747dcb681be0b4f95328bb9365f682) Importer(815301076,1909f56bfc062723c751e8b465ee728b)
Start importing Assets/Materiales/Fondo.mat using Guid(43747dcb681be0b4f95328bb9365f682) Importer(815301076,1909f56bfc062723c751e8b465ee728b)  -> (artifact id: '224237ab5ab396ed68e3acf3b248208a') in 0.478193 seconds
  Import took 0.486619 seconds .

========================================================================
Received Import Request.
  Time since last request: 6857.536959 seconds.
  path: Assets/Scripts
  artifactKey: Guid(298355ec8cf33f145905637d86ee777c) Importer(815301076,1909f56bfc062723c751e8b465ee728b)
Start importing Assets/Scripts using Guid(298355ec8cf33f145905637d86ee777c) Importer(815301076,1909f56bfc062723c751e8b465ee728b)  -> (artifact id: 'd2dd575f4b3e5dc59e147b883fcc2dfe') in 0.013747 seconds
  Import took 0.016609 seconds .

========================================================================
Received Import Request.
  Time since last request: 32.156298 seconds.
  path: Assets/Scripts/JugadorController.cs
  artifactKey: Guid(f9d4ebcc757843345a6ec15241f40c68) Importer(815301076,1909f56bfc062723c751e8b465ee728b)
Start importing Assets/Scripts/JugadorController.cs using Guid(f9d4ebcc757843345a6ec15241f40c68) Importer(815301076,1909f56bfc062723c751e8b465ee728b)  -> (artifact id: 'a23990355b4b664bcca4932dd5cc35a4') in 0.538341 seconds
  Import took 0.540942 seconds .

========================================================================
Received Prepare
Registering precompiled user dll's ...
Registered in 0.008536 seconds.
Begin MonoManager ReloadAssembly
Native extension for WindowsStandalone target not found
Native extension for WebGL target not found
Refreshing native plugins compatible for Editor in 0.31 ms, found 2 plugins.
Preloading 0 native plugins for Editor in 0.00 ms.
Mono: successfully reloaded assembly
- Completed reload, in  1.111 seconds
Platform modules already initialized, skipping
Refreshing native plugins compatible for Editor in 0.30 ms, found 2 plugins.
Preloading 0 native plugins for Editor in 0.00 ms.
Unloading 1382 Unused Serialized files (Serialized files now loaded: 0)
System memory in use before: 67.9 MB.
System memory in use after: 68.0 MB.

Unloading 14 unused Assets to reduce memory usage. Loaded Objects now: 1863.
Total: 2.166800 ms (FindLiveObjects: 0.148200 ms CreateObjectMapping: 0.042800 ms MarkObjects: 1.903200 ms  DeleteObjects: 0.071400 ms)

========================================================================
Received Import Request.
  Time since last request: 12128.142867 seconds.
  path: Assets/Scripts/JugadorController.cs
  artifactKey: Guid(f9d4ebcc757843345a6ec15241f40c68) Importer(815301076,1909f56bfc062723c751e8b465ee728b)
Start importing Assets/Scripts/JugadorController.cs using Guid(f9d4ebcc757843345a6ec15241f40c68) Importer(815301076,1909f56bfc062723c751e8b465ee728b)  -> (artifact id: '95d0f83239c25d92e95b23df3bdd2747') in 0.081162 seconds
  Import took 0.120794 seconds .

========================================================================
Received Import Request.
  Time since last request: 1.808983 seconds.
  path: Assets/Scripts/JugadorController.cs
  artifactKey: Guid(f9d4ebcc757843345a6ec15241f40c68) Importer(815301076,1909f56bfc062723c751e8b465ee728b)
Start importing Assets/Scripts/JugadorController.cs using Guid(f9d4ebcc757843345a6ec15241f40c68) Importer(815301076,1909f56bfc062723c751e8b465ee728b)  -> (artifact id: '95d0f83239c25d92e95b23df3bdd2747') in 0.012099 seconds
  Import took 0.016950 seconds .

========================================================================
Received Prepare
Registering precompiled user dll's ...
Registered in 0.339567 seconds.
Begin MonoManager ReloadAssembly
Native extension for WindowsStandalone target not found
Native extension for WebGL target not found
Refreshing native plugins compatible for Editor in 0.33 ms, found 2 plugins.
Preloading 0 native plugins for Editor in 0.00 ms.
Mono: successfully reloaded assembly
- Completed reload, in  1.114 seconds
Platform modules already initialized, skipping
Refreshing native plugins compatible for Editor in 0.53 ms, found 2 plugins.
Preloading 0 native plugins for Editor in 0.00 ms.
Unloading 1382 Unused Serialized files (Serialized files now loaded: 0)
System memory in use before: 68.0 MB.
System memory in use after: 68.0 MB.

Unloading 14 unused Assets to reduce memory usage. Loaded Objects now: 1866.
Total: 3.765800 ms (FindLiveObjects: 0.266300 ms CreateObjectMapping: 0.079400 ms MarkObjects: 3.293000 ms  DeleteObjects: 0.125500 ms)

========================================================================
Received Prepare
Registering precompiled user dll's ...
Registered in 0.004038 seconds.
Begin MonoManager ReloadAssembly
Native extension for WindowsStandalone target not found
Native extension for WebGL target not found
Refreshing native plugins compatible for Editor in 0.33 ms, found 2 plugins.
Preloading 0 native plugins for Editor in 0.00 ms.
Mono: successfully reloaded assembly
- Completed reload, in  1.016 seconds
Platform modules already initialized, skipping
Refreshing native plugins compatible for Editor in 0.33 ms, found 2 plugins.
Preloading 0 native plugins for Editor in 0.00 ms.
Unloading 1382 Unused Serialized files (Serialized files now loaded: 0)
System memory in use before: 68.0 MB.
System memory in use after: 68.1 MB.

Unloading 14 unused Assets to reduce memory usage. Loaded Objects now: 1869.
Total: 4.199100 ms (FindLiveObjects: 0.294300 ms CreateObjectMapping: 0.095300 ms MarkObjects: 3.691800 ms  DeleteObjects: 0.115600 ms)

========================================================================
Received Prepare
Registering precompiled user dll's ...
Registered in 0.003855 seconds.
Begin MonoManager ReloadAssembly
Native extension for WindowsStandalone target not found
Native extension for WebGL target not found
Refreshing native plugins compatible for Editor in 0.52 ms, found 2 plugins.
Preloading 0 native plugins for Editor in 0.00 ms.
Mono: successfully reloaded assembly
- Completed reload, in  1.874 seconds
Platform modules already initialized, skipping
Refreshing native plugins compatible for Editor in 0.94 ms, found 2 plugins.
Preloading 0 native plugins for Editor in 0.00 ms.
Unloading 1382 Unused Serialized files (Serialized files now loaded: 0)
System memory in use before: 68.0 MB.
System memory in use after: 68.1 MB.

Unloading 14 unused Assets to reduce memory usage. Loaded Objects now: 1872.
Total: 6.574300 ms (FindLiveObjects: 0.486400 ms CreateObjectMapping: 0.155700 ms MarkObjects: 5.758700 ms  DeleteObjects: 0.169300 ms)

========================================================================
Received Prepare
Registering precompiled user dll's ...
Registered in 0.005514 seconds.
Begin MonoManager ReloadAssembly
Native extension for WindowsStandalone target not found
Native extension for WebGL target not found
Refreshing native plugins compatible for Editor in 0.48 ms, found 2 plugins.
Preloading 0 native plugins for Editor in 0.00 ms.
Mono: successfully reloaded assembly
- Completed reload, in  0.899 seconds
Platform modules already initialized, skipping
Refreshing native plugins compatible for Editor in 0.29 ms, found 2 plugins.
Preloading 0 native plugins for Editor in 0.00 ms.
Unloading 1382 Unused Serialized files (Serialized files now loaded: 0)
System memory in use before: 68.0 MB.
System memory in use after: 68.1 MB.

Unloading 14 unused Assets to reduce memory usage. Loaded Objects now: 1875.
Total: 2.128500 ms (FindLiveObjects: 0.150200 ms CreateObjectMapping: 0.038100 ms MarkObjects: 1.880900 ms  DeleteObjects: 0.058400 ms)

========================================================================
Received Prepare
Registering precompiled user dll's ...
Registered in 0.004473 seconds.
Begin MonoManager ReloadAssembly
Native extension for WindowsStandalone target not found
Native extension for WebGL target not found
Refreshing native plugins compatible for Editor in 0.53 ms, found 2 plugins.
Preloading 0 native plugins for Editor in 0.00 ms.
Mono: successfully reloaded assembly
- Completed reload, in  1.024 seconds
Platform modules already initialized, skipping
Refreshing native plugins compatible for Editor in 0.57 ms, found 2 plugins.
Preloading 0 native plugins for Editor in 0.00 ms.
Unloading 1382 Unused Serialized files (Serialized files now loaded: 0)
System memory in use before: 68.0 MB.
System memory in use after: 68.1 MB.

Unloading 14 unused Assets to reduce memory usage. Loaded Objects now: 1878.
Total: 3.950100 ms (FindLiveObjects: 0.307600 ms CreateObjectMapping: 0.098400 ms MarkObjects: 3.412700 ms  DeleteObjects: 0.128700 ms)

========================================================================
Received Import Request.
  Time since last request: 753.683122 seconds.
  path: Assets/Scripts/CamaraController.cs
  artifactKey: Guid(018fe49893edade4fba447f6e4fad88b) Importer(815301076,1909f56bfc062723c751e8b465ee728b)
Start importing Assets/Scripts/CamaraController.cs using Guid(018fe49893edade4fba447f6e4fad88b) Importer(815301076,1909f56bfc062723c751e8b465ee728b)  -> (artifact id: '624d297f0abd0ceac01d64d8ec3496bf') in 0.013716 seconds
  Import took 0.016790 seconds .

========================================================================
Received Import Request.
  Time since last request: 0.000524 seconds.
  path: Assets/Scripts/CamaraController.cs
  artifactKey: Guid(018fe49893edade4fba447f6e4fad88b) Importer(815301076,1909f56bfc062723c751e8b465ee728b)
Start importing Assets/Scripts/CamaraController.cs using Guid(018fe49893edade4fba447f6e4fad88b) Importer(815301076,1909f56bfc062723c751e8b465ee728b)  -> (artifact id: '624d297f0abd0ceac01d64d8ec3496bf') in 0.004261 seconds
  Import took 0.008526 seconds .

========================================================================
Received Prepare
Registering precompiled user dll's ...
Registered in 0.008695 seconds.
Begin MonoManager ReloadAssembly
Native extension for WindowsStandalone target not found
Native extension for WebGL target not found
Refreshing native plugins compatible for Editor in 0.34 ms, found 2 plugins.
Preloading 0 native plugins for Editor in 0.00 ms.
Mono: successfully reloaded assembly
- Completed reload, in  1.570 seconds
Platform modules already initialized, skipping
Refreshing native plugins compatible for Editor in 0.30 ms, found 2 plugins.
Preloading 0 native plugins for Editor in 0.00 ms.
Unloading 1383 Unused Serialized files (Serialized files now loaded: 0)
System memory in use before: 68.0 MB.
System memory in use after: 68.1 MB.

Unloading 14 unused Assets to reduce memory usage. Loaded Objects now: 1882.
Total: 1.983500 ms (FindLiveObjects: 0.145800 ms CreateObjectMapping: 0.043600 ms MarkObjects: 1.715900 ms  DeleteObjects: 0.077200 ms)

========================================================================
Received Prepare
Registering precompiled user dll's ...
Registered in 0.004537 seconds.
Begin MonoManager ReloadAssembly
Native extension for WindowsStandalone target not found
Native extension for WebGL target not found
Refreshing native plugins compatible for Editor in 0.86 ms, found 2 plugins.
Preloading 0 native plugins for Editor in 0.00 ms.
Mono: successfully reloaded assembly
- Completed reload, in  2.166 seconds
Platform modules already initialized, skipping
Refreshing native plugins compatible for Editor in 0.36 ms, found 2 plugins.
Preloading 0 native plugins for Editor in 0.00 ms.
Unloading 1383 Unused Serialized files (Serialized files now loaded: 0)
System memory in use before: 68.0 MB.
System memory in use after: 68.1 MB.

Unloading 14 unused Assets to reduce memory usage. Loaded Objects now: 1885.
Total: 2.101000 ms (FindLiveObjects: 0.178800 ms CreateObjectMapping: 0.052600 ms MarkObjects: 1.793900 ms  DeleteObjects: 0.074500 ms)

========================================================================
Received Prepare
Registering precompiled user dll's ...
Registered in 0.004480 seconds.
Begin MonoManager ReloadAssembly
Native extension for WindowsStandalone target not found
Native extension for WebGL target not found
Refreshing native plugins compatible for Editor in 0.31 ms, found 2 plugins.
Preloading 0 native plugins for Editor in 0.00 ms.
Mono: successfully reloaded assembly
- Completed reload, in  0.981 seconds
Platform modules already initialized, skipping
Refreshing native plugins compatible for Editor in 0.36 ms, found 2 plugins.
Preloading 0 native plugins for Editor in 0.00 ms.
Unloading 1383 Unused Serialized files (Serialized files now loaded: 0)
System memory in use before: 68.1 MB.
System memory in use after: 68.1 MB.

Unloading 14 unused Assets to reduce memory usage. Loaded Objects now: 1888.
Total: 2.458700 ms (FindLiveObjects: 0.297800 ms CreateObjectMapping: 0.054900 ms MarkObjects: 2.050900 ms  DeleteObjects: 0.054200 ms)

========================================================================
Received Prepare
Registering precompiled user dll's ...
Registered in 0.003722 seconds.
Begin MonoManager ReloadAssembly
Native extension for WindowsStandalone target not found
Native extension for WebGL target not found
Refreshing native plugins compatible for Editor in 0.32 ms, found 2 plugins.
Preloading 0 native plugins for Editor in 0.00 ms.
Mono: successfully reloaded assembly
- Completed reload, in  0.939 seconds
Platform modules already initialized, skipping
Refreshing native plugins compatible for Editor in 0.32 ms, found 2 plugins.
Preloading 0 native plugins for Editor in 0.00 ms.
Unloading 1383 Unused Serialized files (Serialized files now loaded: 0)
System memory in use before: 68.1 MB.
System memory in use after: 68.1 MB.

Unloading 14 unused Assets to reduce memory usage. Loaded Objects now: 1891.
Total: 2.182600 ms (FindLiveObjects: 0.171200 ms CreateObjectMapping: 0.037900 ms MarkObjects: 1.917100 ms  DeleteObjects: 0.055400 ms)

========================================================================
Received Import Request.
  Time since last request: 843.596745 seconds.
  path: Assets/Materiales/Oro.mat
  artifactKey: Guid(a93ae3aa5fd79674f8fbf2680cf9b483) Importer(815301076,1909f56bfc062723c751e8b465ee728b)
Start importing Assets/Materiales/Oro.mat using Guid(a93ae3aa5fd79674f8fbf2680cf9b483) Importer(815301076,1909f56bfc062723c751e8b465ee728b)  -> (artifact id: '3a9dbaf926446e205af5452553e6860c') in 0.074128 seconds
  Import took 0.076986 seconds .

========================================================================
Received Import Request.
  Time since last request: 284.195040 seconds.
  path: Assets/Scripts/Rotador.cs
  artifactKey: Guid(4b53a0cbced677240aa205cb90dcc1ec) Importer(815301076,1909f56bfc062723c751e8b465ee728b)
Start importing Assets/Scripts/Rotador.cs using Guid(4b53a0cbced677240aa205cb90dcc1ec) Importer(815301076,1909f56bfc062723c751e8b465ee728b)  -> (artifact id: '8424b74a8871d51110dbf4adcebb060f') in 0.008957 seconds
  Import took 0.011964 seconds .

========================================================================
Received Prepare
Registering precompiled user dll's ...
Registered in 0.008601 seconds.
Begin MonoManager ReloadAssembly
Native extension for WindowsStandalone target not found
Native extension for WebGL target not found
Refreshing native plugins compatible for Editor in 0.31 ms, found 2 plugins.
Preloading 0 native plugins for Editor in 0.00 ms.
Mono: successfully reloaded assembly
- Completed reload, in  1.765 seconds
Platform modules already initialized, skipping
Refreshing native plugins compatible for Editor in 0.33 ms, found 2 plugins.
Preloading 0 native plugins for Editor in 0.00 ms.
Unloading 1384 Unused Serialized files (Serialized files now loaded: 0)
System memory in use before: 68.1 MB.
System memory in use after: 68.2 MB.

Unloading 14 unused Assets to reduce memory usage. Loaded Objects now: 1896.
Total: 2.243200 ms (FindLiveObjects: 0.228100 ms CreateObjectMapping: 0.039100 ms MarkObjects: 1.895600 ms  DeleteObjects: 0.079600 ms)

========================================================================
Received Prepare
Registering precompiled user dll's ...
Registered in 0.009357 seconds.
Begin MonoManager ReloadAssembly
Native extension for WindowsStandalone target not found
Native extension for WebGL target not found
Refreshing native plugins compatible for Editor in 0.53 ms, found 2 plugins.
Preloading 0 native plugins for Editor in 0.00 ms.
Mono: successfully reloaded assembly
- Completed reload, in  1.976 seconds
Platform modules already initialized, skipping
Refreshing native plugins compatible for Editor in 0.53 ms, found 2 plugins.
Preloading 0 native plugins for Editor in 0.00 ms.
Unloading 1384 Unused Serialized files (Serialized files now loaded: 0)
System memory in use before: 68.1 MB.
System memory in use after: 68.2 MB.

Unloading 14 unused Assets to reduce memory usage. Loaded Objects now: 1899.
Total: 3.747300 ms (FindLiveObjects: 0.245400 ms CreateObjectMapping: 0.083600 ms MarkObjects: 3.329500 ms  DeleteObjects: 0.086900 ms)

========================================================================
Received Prepare
Registering precompiled user dll's ...
Registered in 0.004143 seconds.
Begin MonoManager ReloadAssembly
Native extension for WindowsStandalone target not found
Native extension for WebGL target not found
Refreshing native plugins compatible for Editor in 0.31 ms, found 2 plugins.
Preloading 0 native plugins for Editor in 0.00 ms.
Mono: successfully reloaded assembly
- Completed reload, in  0.938 seconds
Platform modules already initialized, skipping
Refreshing native plugins compatible for Editor in 0.30 ms, found 2 plugins.
Preloading 0 native plugins for Editor in 0.00 ms.
Unloading 1384 Unused Serialized files (Serialized files now loaded: 0)
System memory in use before: 68.1 MB.
System memory in use after: 68.2 MB.

Unloading 14 unused Assets to reduce memory usage. Loaded Objects now: 1902.
Total: 2.008900 ms (FindLiveObjects: 0.141200 ms CreateObjectMapping: 0.040400 ms MarkObjects: 1.755900 ms  DeleteObjects: 0.070600 ms)

========================================================================
Received Import Request.
  Time since last request: 134.779473 seconds.
  path: Assets/Pregab
  artifactKey: Guid(9e78b70222a8816479c300678e9b5bea) Importer(815301076,1909f56bfc062723c751e8b465ee728b)
Start importing Assets/Pregab using Guid(9e78b70222a8816479c300678e9b5bea) Importer(815301076,1909f56bfc062723c751e8b465ee728b)  -> (artifact id: '58813fd5e1255a2fdb086b0f027dd10f') in 0.010666 seconds
  Import took 0.013688 seconds .

========================================================================
Received Import Request.
  Time since last request: 10.546828 seconds.
  path: Assets/Prefab
  artifactKey: Guid(9e78b70222a8816479c300678e9b5bea) Importer(815301076,1909f56bfc062723c751e8b465ee728b)
Start importing Assets/Prefab using Guid(9e78b70222a8816479c300678e9b5bea) Importer(815301076,1909f56bfc062723c751e8b465ee728b)  -> (artifact id: '4bc54c22350d36c398db191e0e48d7dc') in 0.010105 seconds
  Import took 0.013289 seconds .

========================================================================
Received Import Request.
  Time since last request: 18.746841 seconds.
  path: Assets/Prefab/Coleccionable.prefab
  artifactKey: Guid(53e8ea2f579e38a4c8d288ad63a9e39a) Importer(815301076,1909f56bfc062723c751e8b465ee728b)
Start importing Assets/Prefab/Coleccionable.prefab using Guid(53e8ea2f579e38a4c8d288ad63a9e39a) Importer(815301076,1909f56bfc062723c751e8b465ee728b)  -> (artifact id: 'b3a8182aba3bd16dc7b749beed4679c8') in 0.289707 seconds
  Import took 0.292130 seconds .

========================================================================
Received Import Request.
  Time since last request: 1489.445406 seconds.
  path: Assets/Materiales/Blanco.mat
  artifactKey: Guid(c320752f88dc1bc449e22c118bbbf7a9) Importer(815301076,1909f56bfc062723c751e8b465ee728b)
Start importing Assets/Materiales/Blanco.mat using Guid(c320752f88dc1bc449e22c118bbbf7a9) Importer(815301076,1909f56bfc062723c751e8b465ee728b)  -> (artifact id: '4c49b37cf8b6a69277ea6ace2e038762') in 0.033571 seconds
  Import took 0.036644 seconds .

========================================================================
Received Prepare
Registering precompiled user dll's ...
Registered in 0.010437 seconds.
Begin MonoManager ReloadAssembly
Native extension for WindowsStandalone target not found
Native extension for WebGL target not found
Refreshing native plugins compatible for Editor in 0.53 ms, found 2 plugins.
Preloading 0 native plugins for Editor in 0.00 ms.
Mono: successfully reloaded assembly
- Completed reload, in  2.127 seconds
Platform modules already initialized, skipping
Refreshing native plugins compatible for Editor in 0.30 ms, found 2 plugins.
Preloading 0 native plugins for Editor in 0.00 ms.
Unloading 1384 Unused Serialized files (Serialized files now loaded: 0)
System memory in use before: 68.1 MB.
System memory in use after: 68.2 MB.

Unloading 14 unused Assets to reduce memory usage. Loaded Objects now: 1907.
Total: 1.865800 ms (FindLiveObjects: 0.147200 ms CreateObjectMapping: 0.045200 ms MarkObjects: 1.616100 ms  DeleteObjects: 0.056000 ms)

========================================================================
Received Import Request.
  Time since last request: 574.186297 seconds.
  path: Assets/Prefab/Coleccionable.prefab
  artifactKey: Guid(53e8ea2f579e38a4c8d288ad63a9e39a) Importer(815301076,1909f56bfc062723c751e8b465ee728b)
Start importing Assets/Prefab/Coleccionable.prefab using Guid(53e8ea2f579e38a4c8d288ad63a9e39a) Importer(815301076,1909f56bfc062723c751e8b465ee728b)  -> (artifact id: '56a5dcc117b75c03b2c385fb4d6adb34') in 0.053425 seconds
  Import took 0.056162 seconds .

========================================================================
Received Import Request.
  Time since last request: 89.416613 seconds.
  path: ProjectSettings/TagManager.asset
  artifactKey: Guid(00000000000000003000000000000000) Importer(815301076,1909f56bfc062723c751e8b465ee728b)
Start importing ProjectSettings/TagManager.asset using Guid(00000000000000003000000000000000) Importer(815301076,1909f56bfc062723c751e8b465ee728b)  -> (artifact id: 'ce6a35c3cddc746e7501c0bd0ed6d4ce') in 0.028377 seconds
  Import took 0.034162 seconds .

========================================================================
Received Import Request.
  Time since last request: 0.001396 seconds.
  path: ProjectSettings/TagManager.asset
  artifactKey: Guid(00000000000000003000000000000000) Importer(815301076,1909f56bfc062723c751e8b465ee728b)
Start importing ProjectSettings/TagManager.asset using Guid(00000000000000003000000000000000) Importer(815301076,1909f56bfc062723c751e8b465ee728b)  -> (artifact id: 'ce6a35c3cddc746e7501c0bd0ed6d4ce') in 0.003563 seconds
  Import took 0.006714 seconds .

========================================================================
Received Import Request.
  Time since last request: 94.351801 seconds.
  path: Assets/Prefab/Coleccionable.prefab
  artifactKey: Guid(53e8ea2f579e38a4c8d288ad63a9e39a) Importer(815301076,1909f56bfc062723c751e8b465ee728b)
Start importing Assets/Prefab/Coleccionable.prefab using Guid(53e8ea2f579e38a4c8d288ad63a9e39a) Importer(815301076,1909f56bfc062723c751e8b465ee728b)  -> (artifact id: 'feaa13259a8449fabaf25fb6988b9ff7') in 0.024161 seconds
  Import took 0.027066 seconds .

========================================================================
Received Prepare
Registering precompiled user dll's ...
Registered in 0.131829 seconds.
Begin MonoManager ReloadAssembly
Native extension for WindowsStandalone target not found
Native extension for WebGL target not found
Refreshing native plugins compatible for Editor in 0.65 ms, found 2 plugins.
Preloading 0 native plugins for Editor in 0.00 ms.
Mono: successfully reloaded assembly
- Completed reload, in  2.793 seconds
Platform modules already initialized, skipping
Refreshing native plugins compatible for Editor in 0.56 ms, found 2 plugins.
Preloading 0 native plugins for Editor in 0.00 ms.
Unloading 1384 Unused Serialized files (Serialized files now loaded: 0)
System memory in use before: 68.1 MB.
System memory in use after: 68.2 MB.

Unloading 16 unused Assets to reduce memory usage. Loaded Objects now: 1911.
Total: 4.326300 ms (FindLiveObjects: 0.354500 ms CreateObjectMapping: 0.114400 ms MarkObjects: 3.720200 ms  DeleteObjects: 0.134800 ms)

========================================================================
Received Import Request.
  Time since last request: 198.146467 seconds.
  path: Assets/Scripts/JugadorController.cs
  artifactKey: Guid(f9d4ebcc757843345a6ec15241f40c68) Importer(815301076,1909f56bfc062723c751e8b465ee728b)
Start importing Assets/Scripts/JugadorController.cs using Guid(f9d4ebcc757843345a6ec15241f40c68) Importer(815301076,1909f56bfc062723c751e8b465ee728b)  -> (artifact id: 'c667717b57c90284805288d252afbae6') in 0.020523 seconds
  Import took 0.026286 seconds .

========================================================================
Received Prepare
Registering precompiled user dll's ...
Registered in 0.004366 seconds.
Begin MonoManager ReloadAssembly
Native extension for WindowsStandalone target not found
Native extension for WebGL target not found
Refreshing native plugins compatible for Editor in 0.37 ms, found 2 plugins.
Preloading 0 native plugins for Editor in 0.00 ms.
Mono: successfully reloaded assembly
- Completed reload, in  1.143 seconds
Platform modules already initialized, skipping
Refreshing native plugins compatible for Editor in 0.62 ms, found 2 plugins.
Preloading 0 native plugins for Editor in 0.00 ms.
Unloading 1384 Unused Serialized files (Serialized files now loaded: 0)
System memory in use before: 68.1 MB.
System memory in use after: 68.2 MB.

Unloading 14 unused Assets to reduce memory usage. Loaded Objects now: 1914.
Total: 3.598700 ms (FindLiveObjects: 0.310300 ms CreateObjectMapping: 0.083000 ms MarkObjects: 3.073900 ms  DeleteObjects: 0.129300 ms)

========================================================================
Received Prepare
Registering precompiled user dll's ...
Registered in 0.009127 seconds.
Begin MonoManager ReloadAssembly
Native extension for WindowsStandalone target not found
Native extension for WebGL target not found
Refreshing native plugins compatible for Editor in 0.36 ms, found 2 plugins.
Preloading 0 native plugins for Editor in 0.00 ms.
Mono: successfully reloaded assembly
- Completed reload, in  1.242 seconds
Platform modules already initialized, skipping
Refreshing native plugins compatible for Editor in 0.33 ms, found 2 plugins.
Preloading 0 native plugins for Editor in 0.00 ms.
Unloading 1384 Unused Serialized files (Serialized files now loaded: 0)
System memory in use before: 68.1 MB.
System memory in use after: 68.2 MB.

Unloading 14 unused Assets to reduce memory usage. Loaded Objects now: 1917.
Total: 3.621600 ms (FindLiveObjects: 0.275400 ms CreateObjectMapping: 0.080600 ms MarkObjects: 3.165200 ms  DeleteObjects: 0.098300 ms)

========================================================================
Received Prepare
Registering precompiled user dll's ...
Registered in 0.003694 seconds.
Begin MonoManager ReloadAssembly
Native extension for WindowsStandalone target not found
Native extension for WebGL target not found
Refreshing native plugins compatible for Editor in 0.31 ms, found 2 plugins.
Preloading 0 native plugins for Editor in 0.00 ms.
Mono: successfully reloaded assembly
- Completed reload, in  0.917 seconds
Platform modules already initialized, skipping
Refreshing native plugins compatible for Editor in 0.32 ms, found 2 plugins.
Preloading 0 native plugins for Editor in 0.00 ms.
Unloading 1384 Unused Serialized files (Serialized files now loaded: 0)
System memory in use before: 68.1 MB.
System memory in use after: 68.2 MB.

Unloading 14 unused Assets to reduce memory usage. Loaded Objects now: 1920.
Total: 2.187400 ms (FindLiveObjects: 0.173600 ms CreateObjectMapping: 0.040800 ms MarkObjects: 1.917200 ms  DeleteObjects: 0.054900 ms)

========================================================================
Received Import Request.
  Time since last request: 337.340216 seconds.
  path: Assets/Prefab/Coleccionable.prefab
  artifactKey: Guid(53e8ea2f579e38a4c8d288ad63a9e39a) Importer(815301076,1909f56bfc062723c751e8b465ee728b)
Start importing Assets/Prefab/Coleccionable.prefab using Guid(53e8ea2f579e38a4c8d288ad63a9e39a) Importer(815301076,1909f56bfc062723c751e8b465ee728b)  -> (artifact id: '8f732d195096e1ef9127d846d7e24a95') in 0.096063 seconds
  Import took 0.099874 seconds .

========================================================================
Received Import Request.
  Time since last request: 6.872373 seconds.
  path: Assets/Prefab/Coleccionable.prefab
  artifactKey: Guid(53e8ea2f579e38a4c8d288ad63a9e39a) Importer(815301076,1909f56bfc062723c751e8b465ee728b)
Start importing Assets/Prefab/Coleccionable.prefab using Guid(53e8ea2f579e38a4c8d288ad63a9e39a) Importer(815301076,1909f56bfc062723c751e8b465ee728b)  -> (artifact id: '7828559187ddec5d41aafb36119871f6') in 0.011500 seconds
  Import took 0.014573 seconds .

========================================================================
Received Import Request.
  Time since last request: 8.894700 seconds.
  path: Assets/Prefab/Coleccionable.prefab
  artifactKey: Guid(53e8ea2f579e38a4c8d288ad63a9e39a) Importer(815301076,1909f56bfc062723c751e8b465ee728b)
Start importing Assets/Prefab/Coleccionable.prefab using Guid(53e8ea2f579e38a4c8d288ad63a9e39a) Importer(815301076,1909f56bfc062723c751e8b465ee728b)  -> (artifact id: 'b9f6dcca37bf7080807a9b810cdee971') in 0.012527 seconds
  Import took 0.015439 seconds .

========================================================================
Received Prepare
Registering precompiled user dll's ...
Registered in 0.009090 seconds.
Begin MonoManager ReloadAssembly
Native extension for WindowsStandalone target not found
Native extension for WebGL target not found
Refreshing native plugins compatible for Editor in 0.32 ms, found 2 plugins.
Preloading 0 native plugins for Editor in 0.00 ms.
Mono: successfully reloaded assembly
- Completed reload, in  1.411 seconds
Platform modules already initialized, skipping
Refreshing native plugins compatible for Editor in 0.31 ms, found 2 plugins.
Preloading 0 native plugins for Editor in 0.00 ms.
Unloading 1384 Unused Serialized files (Serialized files now loaded: 0)
System memory in use before: 68.2 MB.
System memory in use after: 68.3 MB.

Unloading 14 unused Assets to reduce memory usage. Loaded Objects now: 1924.
Total: 2.078200 ms (FindLiveObjects: 0.145300 ms CreateObjectMapping: 0.038700 ms MarkObjects: 1.819900 ms  DeleteObjects: 0.073100 ms)

========================================================================
Received Prepare
Registering precompiled user dll's ...
Registered in 0.005066 seconds.
Begin MonoManager ReloadAssembly
Native extension for WindowsStandalone target not found
Native extension for WebGL target not found
Refreshing native plugins compatible for Editor in 0.53 ms, found 2 plugins.
Preloading 0 native plugins for Editor in 0.00 ms.
Mono: successfully reloaded assembly
- Completed reload, in  1.692 seconds
Platform modules already initialized, skipping
Refreshing native plugins compatible for Editor in 0.53 ms, found 2 plugins.
Preloading 0 native plugins for Editor in 0.00 ms.
Unloading 1384 Unused Serialized files (Serialized files now loaded: 0)
System memory in use before: 68.2 MB.
System memory in use after: 68.3 MB.

Unloading 14 unused Assets to reduce memory usage. Loaded Objects now: 1927.
Total: 3.630200 ms (FindLiveObjects: 0.275800 ms CreateObjectMapping: 0.086800 ms MarkObjects: 3.164200 ms  DeleteObjects: 0.101300 ms)

========================================================================
Received Prepare
Registering precompiled user dll's ...
Registered in 0.003848 seconds.
Begin MonoManager ReloadAssembly
Native extension for WindowsStandalone target not found
Native extension for WebGL target not found
Refreshing native plugins compatible for Editor in 0.53 ms, found 2 plugins.
Preloading 0 native plugins for Editor in 0.00 ms.
Mono: successfully reloaded assembly
- Completed reload, in  1.621 seconds
Platform modules already initialized, skipping
Refreshing native plugins compatible for Editor in 0.56 ms, found 2 plugins.
Preloading 0 native plugins for Editor in 0.00 ms.
Unloading 1384 Unused Serialized files (Serialized files now loaded: 0)
System memory in use before: 68.2 MB.
System memory in use after: 68.3 MB.

Unloading 14 unused Assets to reduce memory usage. Loaded Objects now: 1930.
Total: 3.644000 ms (FindLiveObjects: 0.289800 ms CreateObjectMapping: 0.133700 ms MarkObjects: 3.119000 ms  DeleteObjects: 0.099100 ms)

========================================================================
Received Prepare
Registering precompiled user dll's ...
Registered in 0.005660 seconds.
Begin MonoManager ReloadAssembly
Native extension for WindowsStandalone target not found
Native extension for WebGL target not found
Refreshing native plugins compatible for Editor in 0.82 ms, found 2 plugins.
Preloading 0 native plugins for Editor in 0.00 ms.
Mono: successfully reloaded assembly
- Completed reload, in  2.164 seconds
Platform modules already initialized, skipping
Refreshing native plugins compatible for Editor in 0.56 ms, found 2 plugins.
Preloading 0 native plugins for Editor in 0.00 ms.
Unloading 1384 Unused Serialized files (Serialized files now loaded: 0)
System memory in use before: 68.2 MB.
System memory in use after: 68.3 MB.

Unloading 14 unused Assets to reduce memory usage. Loaded Objects now: 1933.
Total: 5.165400 ms (FindLiveObjects: 0.323600 ms CreateObjectMapping: 0.092300 ms MarkObjects: 4.624300 ms  DeleteObjects: 0.123400 ms)

========================================================================
Received Import Request.
  Time since last request: 1722.358030 seconds.
  path: Assets/Scripts/JugadorController.cs
  artifactKey: Guid(f9d4ebcc757843345a6ec15241f40c68) Importer(815301076,1909f56bfc062723c751e8b465ee728b)
Start importing Assets/Scripts/JugadorController.cs using Guid(f9d4ebcc757843345a6ec15241f40c68) Importer(815301076,1909f56bfc062723c751e8b465ee728b)  -> (artifact id: '2345a36d25eecd0d3e1294980dd1b685') in 0.015666 seconds
  Import took 0.020087 seconds .

========================================================================
Received Prepare
Registering precompiled user dll's ...
Registered in 0.004034 seconds.
Begin MonoManager ReloadAssembly
Native extension for WindowsStandalone target not found
Native extension for WebGL target not found
Refreshing native plugins compatible for Editor in 0.35 ms, found 2 plugins.
Preloading 0 native plugins for Editor in 0.00 ms.
Mono: successfully reloaded assembly
- Completed reload, in  1.046 seconds
Platform modules already initialized, skipping
Refreshing native plugins compatible for Editor in 0.33 ms, found 2 plugins.
Preloading 0 native plugins for Editor in 0.00 ms.
Unloading 1384 Unused Serialized files (Serialized files now loaded: 0)
System memory in use before: 68.2 MB.
System memory in use after: 68.3 MB.

Unloading 14 unused Assets to reduce memory usage. Loaded Objects now: 1936.
Total: 2.504000 ms (FindLiveObjects: 0.176500 ms CreateObjectMapping: 0.043100 ms MarkObjects: 2.196200 ms  DeleteObjects: 0.087200 ms)

========================================================================
Received Import Request.
  Time since last request: 237.986073 seconds.
  path: Assets/Prefab/Sphere.prefab
  artifactKey: Guid(fbb90a557450bf04f8031bc4335bf58e) Importer(815301076,1909f56bfc062723c751e8b465ee728b)
Start importing Assets/Prefab/Sphere.prefab using Guid(fbb90a557450bf04f8031bc4335bf58e) Importer(815301076,1909f56bfc062723c751e8b465ee728b)  -> (artifact id: '643e178a6984539cbc3a47f636b9a852') in 0.098521 seconds
  Import took 0.106181 seconds .

========================================================================
Received Import Request.
  Time since last request: 160.962171 seconds.
  path: Assets/Prefab/Sphere.prefab
  artifactKey: Guid(fbb90a557450bf04f8031bc4335bf58e) Importer(815301076,1909f56bfc062723c751e8b465ee728b)
Start importing Assets/Prefab/Sphere.prefab using Guid(fbb90a557450bf04f8031bc4335bf58e) Importer(815301076,1909f56bfc062723c751e8b465ee728b)  -> (artifact id: '15a3be6597d667df5de36c1a1f8e5a0f') in 0.012672 seconds
  Import took 0.015793 seconds .

========================================================================
Received Import Request.
  Time since last request: 16.113929 seconds.
  path: Assets/Prefab/Sphere.prefab
  artifactKey: Guid(fbb90a557450bf04f8031bc4335bf58e) Importer(815301076,1909f56bfc062723c751e8b465ee728b)
Start importing Assets/Prefab/Sphere.prefab using Guid(fbb90a557450bf04f8031bc4335bf58e) Importer(815301076,1909f56bfc062723c751e8b465ee728b)  -> (artifact id: '6f7f947c97dadf7030b35c389c2edefa') in 0.012566 seconds
  Import took 0.015341 seconds .

========================================================================
Received Import Request.
  Time since last request: 11.989657 seconds.
  path: Assets/Materiales/Fondo.mat
  artifactKey: Guid(43747dcb681be0b4f95328bb9365f682) Importer(815301076,1909f56bfc062723c751e8b465ee728b)
Start importing Assets/Materiales/Fondo.mat using Guid(43747dcb681be0b4f95328bb9365f682) Importer(815301076,1909f56bfc062723c751e8b465ee728b)  -> (artifact id: '780d0cc6d5238179635b19eb11bd7aeb') in 0.051211 seconds
  Import took 0.056952 seconds .

========================================================================
Received Import Request.
  Time since last request: 0.000376 seconds.
  path: Assets/Materiales/Oro.mat
  artifactKey: Guid(a93ae3aa5fd79674f8fbf2680cf9b483) Importer(815301076,1909f56bfc062723c751e8b465ee728b)
Start importing Assets/Materiales/Oro.mat using Guid(a93ae3aa5fd79674f8fbf2680cf9b483) Importer(815301076,1909f56bfc062723c751e8b465ee728b)  -> (artifact id: '1f86403e8bfd6e99248a405fb1863cad') in 0.017802 seconds
  Import took 0.020924 seconds .

========================================================================
Received Import Request.
  Time since last request: 83.440269 seconds.
  path: Assets/Prefab/Sphere.prefab
  artifactKey: Guid(fbb90a557450bf04f8031bc4335bf58e) Importer(815301076,1909f56bfc062723c751e8b465ee728b)
Start importing Assets/Prefab/Sphere.prefab using Guid(fbb90a557450bf04f8031bc4335bf58e) Importer(815301076,1909f56bfc062723c751e8b465ee728b)  -> (artifact id: '84445ce0985fdb7225d554780adc9ea3') in 0.013343 seconds
  Import took 0.016749 seconds .

========================================================================
Received Import Request.
  Time since last request: 46.424991 seconds.
  path: Assets/Prefab/Sphere.prefab
  artifactKey: Guid(fbb90a557450bf04f8031bc4335bf58e) Importer(815301076,1909f56bfc062723c751e8b465ee728b)
Start importing Assets/Prefab/Sphere.prefab using Guid(fbb90a557450bf04f8031bc4335bf58e) Importer(815301076,1909f56bfc062723c751e8b465ee728b)  -> (artifact id: '0c6928d0b13b5d69ae9285a9adac8110') in 0.013639 seconds
  Import took 0.016069 seconds .

========================================================================
Received Import Request.
  Time since last request: 5.203613 seconds.
  path: Assets/Prefab/Sphere.prefab
  artifactKey: Guid(fbb90a557450bf04f8031bc4335bf58e) Importer(815301076,1909f56bfc062723c751e8b465ee728b)
Start importing Assets/Prefab/Sphere.prefab using Guid(fbb90a557450bf04f8031bc4335bf58e) Importer(815301076,1909f56bfc062723c751e8b465ee728b)  -> (artifact id: 'b8c7884a7d8c9e8177c76ccdb3b3144c') in 0.012070 seconds
  Import took 0.015228 seconds .

========================================================================
Received Import Request.
  Time since last request: 1.385162 seconds.
  path: Assets/Prefab/Sphere.prefab
  artifactKey: Guid(fbb90a557450bf04f8031bc4335bf58e) Importer(815301076,1909f56bfc062723c751e8b465ee728b)
Start importing Assets/Prefab/Sphere.prefab using Guid(fbb90a557450bf04f8031bc4335bf58e) Importer(815301076,1909f56bfc062723c751e8b465ee728b)  -> (artifact id: '6e52431ffa2d292821dfd3f92cd7dea8') in 0.012772 seconds
  Import took 0.016355 seconds .

========================================================================
Received Import Request.
  Time since last request: 0.007737 seconds.
  path: Assets/Prefab/Sphere.prefab
  artifactKey: Guid(fbb90a557450bf04f8031bc4335bf58e) Importer(815301076,1909f56bfc062723c751e8b465ee728b)
Start importing Assets/Prefab/Sphere.prefab using Guid(fbb90a557450bf04f8031bc4335bf58e) Importer(815301076,1909f56bfc062723c751e8b465ee728b)  -> (artifact id: '6e52431ffa2d292821dfd3f92cd7dea8') in 0.013324 seconds
  Import took 0.016843 seconds .

========================================================================
Received Import Request.
  Time since last request: 273.421909 seconds.
  path: Assets/Prefab/Cylinder.prefab
  artifactKey: Guid(7588d15906e11eb4f82cbb68f777094a) Importer(815301076,1909f56bfc062723c751e8b465ee728b)
Start importing Assets/Prefab/Cylinder.prefab using Guid(7588d15906e11eb4f82cbb68f777094a) Importer(815301076,1909f56bfc062723c751e8b465ee728b)  -> (artifact id: '07d1e87d9553a1bc88bc7e91c347af9a') in 0.019854 seconds
  Import took 0.023450 seconds .

========================================================================
Received Import Request.
  Time since last request: 245.747938 seconds.
  path: Assets/Prefab/Cylinder.prefab
  artifactKey: Guid(7588d15906e11eb4f82cbb68f777094a) Importer(815301076,1909f56bfc062723c751e8b465ee728b)
Start importing Assets/Prefab/Cylinder.prefab using Guid(7588d15906e11eb4f82cbb68f777094a) Importer(815301076,1909f56bfc062723c751e8b465ee728b)  -> (artifact id: '3d5f4c09be6cb663e90af99360a77797') in 0.015764 seconds
  Import took 0.019525 seconds .

========================================================================
Received Import Request.
  Time since last request: 31.603639 seconds.
  path: Assets/Prefab/Cylinder.prefab
  artifactKey: Guid(7588d15906e11eb4f82cbb68f777094a) Importer(815301076,1909f56bfc062723c751e8b465ee728b)
Start importing Assets/Prefab/Cylinder.prefab using Guid(7588d15906e11eb4f82cbb68f777094a) Importer(815301076,1909f56bfc062723c751e8b465ee728b)  -> (artifact id: '4e8506f56fb5d5c43ebff69f721272c0') in 0.010998 seconds
  Import took 0.014226 seconds .

========================================================================
Received Import Request.
  Time since last request: 6.827808 seconds.
  path: Assets/Prefab/Cylinder.prefab
  artifactKey: Guid(7588d15906e11eb4f82cbb68f777094a) Importer(815301076,1909f56bfc062723c751e8b465ee728b)
Start importing Assets/Prefab/Cylinder.prefab using Guid(7588d15906e11eb4f82cbb68f777094a) Importer(815301076,1909f56bfc062723c751e8b465ee728b)  -> (artifact id: '13f145ab764b05ffb53a878fd2132249') in 0.011513 seconds
  Import took 0.014395 seconds .

========================================================================
Received Import Request.
  Time since last request: 1.025972 seconds.
  path: Assets/Prefab/Cylinder.prefab
  artifactKey: Guid(7588d15906e11eb4f82cbb68f777094a) Importer(815301076,1909f56bfc062723c751e8b465ee728b)
Start importing Assets/Prefab/Cylinder.prefab using Guid(7588d15906e11eb4f82cbb68f777094a) Importer(815301076,1909f56bfc062723c751e8b465ee728b)  -> (artifact id: 'df455d9a3df7432cf3f3d8fa608786b2') in 0.017299 seconds
  Import took 0.023864 seconds .

========================================================================
Received Import Request.
  Time since last request: 0.014887 seconds.
  path: Assets/Prefab/Cylinder.prefab
  artifactKey: Guid(7588d15906e11eb4f82cbb68f777094a) Importer(815301076,1909f56bfc062723c751e8b465ee728b)
Start importing Assets/Prefab/Cylinder.prefab using Guid(7588d15906e11eb4f82cbb68f777094a) Importer(815301076,1909f56bfc062723c751e8b465ee728b)  -> (artifact id: 'df455d9a3df7432cf3f3d8fa608786b2') in 0.020228 seconds
  Import took 0.025757 seconds .

========================================================================
Received Import Request.
  Time since last request: 12.425501 seconds.
  path: Assets/Prefab/Cylinder.prefab
  artifactKey: Guid(7588d15906e11eb4f82cbb68f777094a) Importer(815301076,1909f56bfc062723c751e8b465ee728b)
Start importing Assets/Prefab/Cylinder.prefab using Guid(7588d15906e11eb4f82cbb68f777094a) Importer(815301076,1909f56bfc062723c751e8b465ee728b)  -> (artifact id: '703807da751457e925d6876afc434881') in 0.011516 seconds
  Import took 0.014602 seconds .

========================================================================
Received Import Request.
  Time since last request: 6.232948 seconds.
  path: Assets/Prefab/Cylinder.prefab
  artifactKey: Guid(7588d15906e11eb4f82cbb68f777094a) Importer(815301076,1909f56bfc062723c751e8b465ee728b)
Start importing Assets/Prefab/Cylinder.prefab using Guid(7588d15906e11eb4f82cbb68f777094a) Importer(815301076,1909f56bfc062723c751e8b465ee728b)  -> (artifact id: '74490850a7dc05120d6b4a742c3c6ab3') in 0.011022 seconds
  Import took 0.014306 seconds .

========================================================================
Received Import Request.
  Time since last request: 0.008785 seconds.
  path: Assets/Prefab/Cylinder.prefab
  artifactKey: Guid(7588d15906e11eb4f82cbb68f777094a) Importer(815301076,1909f56bfc062723c751e8b465ee728b)
Start importing Assets/Prefab/Cylinder.prefab using Guid(7588d15906e11eb4f82cbb68f777094a) Importer(815301076,1909f56bfc062723c751e8b465ee728b)  -> (artifact id: '74490850a7dc05120d6b4a742c3c6ab3') in 0.014965 seconds
  Import took 0.018527 seconds .

========================================================================
Received Import Request.
  Time since last request: 95.565975 seconds.
  path: Assets/Prefab/Cylinder.prefab
  artifactKey: Guid(7588d15906e11eb4f82cbb68f777094a) Importer(815301076,1909f56bfc062723c751e8b465ee728b)
Start importing Assets/Prefab/Cylinder.prefab using Guid(7588d15906e11eb4f82cbb68f777094a) Importer(815301076,1909f56bfc062723c751e8b465ee728b)  -> (artifact id: '664cb598f0eeeb3d1ed252151e7d5dcf') in 0.012956 seconds
  Import took 0.015821 seconds .

========================================================================
Received Import Request.
  Time since last request: 77.669370 seconds.
  path: Assets/Prefab/Coleccionable.prefab
  artifactKey: Guid(7588d15906e11eb4f82cbb68f777094a) Importer(815301076,1909f56bfc062723c751e8b465ee728b)
Start importing Assets/Prefab/Coleccionable.prefab using Guid(7588d15906e11eb4f82cbb68f777094a) Importer(815301076,1909f56bfc062723c751e8b465ee728b)  -> (artifact id: 'e4049baf6f789baf8e5a7c06aedb5206') in 0.011962 seconds
  Import took 0.014715 seconds .

========================================================================
Received Prepare
Registering precompiled user dll's ...
Registered in 0.004273 seconds.
Begin MonoManager ReloadAssembly
Native extension for WindowsStandalone target not found
Native extension for WebGL target not found
Refreshing native plugins compatible for Editor in 0.40 ms, found 2 plugins.
Preloading 0 native plugins for Editor in 0.00 ms.
Mono: successfully reloaded assembly
- Completed reload, in  1.064 seconds
Platform modules already initialized, skipping
Refreshing native plugins compatible for Editor in 1.82 ms, found 2 plugins.
Preloading 0 native plugins for Editor in 0.00 ms.
Unloading 1384 Unused Serialized files (Serialized files now loaded: 0)
System memory in use before: 68.3 MB.
System memory in use after: 68.3 MB.

Unloading 15 unused Assets to reduce memory usage. Loaded Objects now: 1942.
Total: 1.940800 ms (FindLiveObjects: 0.153600 ms CreateObjectMapping: 0.036000 ms MarkObjects: 1.699900 ms  DeleteObjects: 0.050500 ms)

========================================================================
Received Prepare
Registering precompiled user dll's ...
Registered in 0.009704 seconds.
Begin MonoManager ReloadAssembly
Native extension for WindowsStandalone target not found
Native extension for WebGL target not found
Refreshing native plugins compatible for Editor in 0.51 ms, found 2 plugins.
Preloading 0 native plugins for Editor in 0.00 ms.
Mono: successfully reloaded assembly
- Completed reload, in  2.140 seconds
Platform modules already initialized, skipping
Refreshing native plugins compatible for Editor in 0.60 ms, found 2 plugins.
Preloading 0 native plugins for Editor in 0.00 ms.
Unloading 1384 Unused Serialized files (Serialized files now loaded: 0)
System memory in use before: 68.3 MB.
System memory in use after: 68.3 MB.

Unloading 14 unused Assets to reduce memory usage. Loaded Objects now: 1945.
Total: 3.651700 ms (FindLiveObjects: 0.283700 ms CreateObjectMapping: 0.085800 ms MarkObjects: 3.156600 ms  DeleteObjects: 0.123900 ms)

========================================================================
Received Prepare
Registering precompiled user dll's ...
Registered in 0.004572 seconds.
Begin MonoManager ReloadAssembly
Native extension for WindowsStandalone target not found
Native extension for WebGL target not found
Refreshing native plugins compatible for Editor in 0.35 ms, found 2 plugins.
Preloading 0 native plugins for Editor in 0.00 ms.
Mono: successfully reloaded assembly
- Completed reload, in  0.988 seconds
Platform modules already initialized, skipping
Refreshing native plugins compatible for Editor in 0.30 ms, found 2 plugins.
Preloading 0 native plugins for Editor in 0.00 ms.
Unloading 1384 Unused Serialized files (Serialized files now loaded: 0)
System memory in use before: 68.3 MB.
System memory in use after: 68.4 MB.

Unloading 14 unused Assets to reduce memory usage. Loaded Objects now: 1948.
Total: 2.132400 ms (FindLiveObjects: 0.173100 ms CreateObjectMapping: 0.038100 ms MarkObjects: 1.868600 ms  DeleteObjects: 0.051700 ms)

========================================================================
Received Prepare
Registering precompiled user dll's ...
Registered in 0.003824 seconds.
Begin MonoManager ReloadAssembly
Native extension for WindowsStandalone target not found
Native extension for WebGL target not found
Refreshing native plugins compatible for Editor in 0.40 ms, found 2 plugins.
Preloading 0 native plugins for Editor in 0.00 ms.
Mono: successfully reloaded assembly
- Completed reload, in  1.271 seconds
Platform modules already initialized, skipping
Refreshing native plugins compatible for Editor in 0.63 ms, found 2 plugins.
Preloading 0 native plugins for Editor in 0.00 ms.
Unloading 1384 Unused Serialized files (Serialized files now loaded: 0)
System memory in use before: 68.3 MB.
System memory in use after: 68.4 MB.

Unloading 14 unused Assets to reduce memory usage. Loaded Objects now: 1951.
Total: 5.196600 ms (FindLiveObjects: 0.320000 ms CreateObjectMapping: 0.120800 ms MarkObjects: 4.591200 ms  DeleteObjects: 0.162300 ms)

========================================================================
Received Prepare
Registering precompiled user dll's ...
Registered in 0.006311 seconds.
Begin MonoManager ReloadAssembly
Native extension for WindowsStandalone target not found
Native extension for WebGL target not found
Refreshing native plugins compatible for Editor in 0.38 ms, found 2 plugins.
Preloading 0 native plugins for Editor in 0.00 ms.
Mono: successfully reloaded assembly
- Completed reload, in  0.931 seconds
Platform modules already initialized, skipping
Refreshing native plugins compatible for Editor in 0.33 ms, found 2 plugins.
Preloading 0 native plugins for Editor in 0.00 ms.
Unloading 1384 Unused Serialized files (Serialized files now loaded: 0)
System memory in use before: 68.3 MB.
System memory in use after: 68.4 MB.

Unloading 14 unused Assets to reduce memory usage. Loaded Objects now: 1954.
Total: 2.064100 ms (FindLiveObjects: 0.146100 ms CreateObjectMapping: 0.038700 ms MarkObjects: 1.807600 ms  DeleteObjects: 0.070900 ms)

========================================================================
Received Prepare
Registering precompiled user dll's ...
Registered in 0.004724 seconds.
Begin MonoManager ReloadAssembly
Native extension for WindowsStandalone target not found
Native extension for WebGL target not found
Refreshing native plugins compatible for Editor in 0.47 ms, found 2 plugins.
Preloading 0 native plugins for Editor in 0.00 ms.
Mono: successfully reloaded assembly
- Completed reload, in  0.870 seconds
Platform modules already initialized, skipping
Refreshing native plugins compatible for Editor in 0.32 ms, found 2 plugins.
Preloading 0 native plugins for Editor in 0.00 ms.
Unloading 1384 Unused Serialized files (Serialized files now loaded: 0)
System memory in use before: 68.3 MB.
System memory in use after: 68.4 MB.

Unloading 14 unused Assets to reduce memory usage. Loaded Objects now: 1957.
Total: 2.077700 ms (FindLiveObjects: 0.177600 ms CreateObjectMapping: 0.047800 ms MarkObjects: 1.762700 ms  DeleteObjects: 0.088600 ms)

========================================================================
Received Prepare
Registering precompiled user dll's ...
Registered in 0.003842 seconds.
Begin MonoManager ReloadAssembly
Native extension for WindowsStandalone target not found
Native extension for WebGL target not found
Refreshing native plugins compatible for Editor in 0.32 ms, found 2 plugins.
Preloading 0 native plugins for Editor in 0.00 ms.
Mono: successfully reloaded assembly
- Completed reload, in  0.998 seconds
Platform modules already initialized, skipping
Refreshing native plugins compatible for Editor in 0.32 ms, found 2 plugins.
Preloading 0 native plugins for Editor in 0.00 ms.
Unloading 1384 Unused Serialized files (Serialized files now loaded: 0)
System memory in use before: 68.3 MB.
System memory in use after: 68.4 MB.

Unloading 14 unused Assets to reduce memory usage. Loaded Objects now: 1960.
Total: 2.206400 ms (FindLiveObjects: 0.188400 ms CreateObjectMapping: 0.043800 ms MarkObjects: 1.922900 ms  DeleteObjects: 0.050400 ms)

AssetImportWorkerClient::OnTransportError - code=2 error=End of file
